app/build/intermediates/manifest_merge_blame_file/debug/manifest-merger-blame-debug-report.txt
1<?xml version="1.0" encoding="utf-8"?>
2<manifest xmlns:android="http://schemas.android.com/apk/res/android"
3    package="com.demo.finalproject"
4    android:versionCode="1"
5    android:versionName="1.0" >
6
7    <uses-sdk
8        android:minSdkVersion="21"
8-->src\main\AndroidManifest.xml
9        android:targetSdkVersion="31" />
9-->src\main\AndroidManifest.xml
10
11    <uses-permission android:name="android.permission.INTERNET" />
11-->src\main\AndroidManifest.xml:4:9-70
11-->src\main\AndroidManifest.xml:4:26-68
12    <uses-permission android:name="android.permission.ACCESS_NETWORK_STATE" />
12-->[com.google.android.datatransport:transport-runtime:3.1.9] AndroidManifest.xml:22:5-79
12-->[com.google.android.datatransport:transport-runtime:3.1.9] AndroidManifest.xml:22:22-76
13
14    <application
14-->src\main\AndroidManifest.xml:5:5-20:19
15        android:allowBackup="true"
15-->src\main\AndroidManifest.xml:6:9-35
16        android:appComponentFactory="androidx.core.app.CoreComponentFactory"
16-->[androidx.core:core:1.6.0] AndroidManifest.xml:24:18-86
17        android:debuggable="true"
18        android:icon="@mipmap/ic_launcher"
18-->src\main\AndroidManifest.xml:7:9-43
19        android:label="@string/app_name"
19-->src\main\AndroidManifest.xml:8:9-41
20        android:roundIcon="@mipmap/ic_launcher_round"
20-->src\main\AndroidManifest.xml:9:9-54
21        android:supportsRtl="true"
21-->src\main\AndroidManifest.xml:10:9-35
22        android:testOnly="true"
23        android:theme="@style/AppTheme" >
23-->src\main\AndroidManifest.xml:11:9-40
24        <activity android:name="com.demo.finalproject.presentation.MainActivity" >
24-->src\main\AndroidManifest.xml:12:9-18:20
24-->src\main\AndroidManifest.xml:12:19-60
25            <intent-filter>
25-->src\main\AndroidManifest.xml:13:13-17:29
26                <action android:name="android.intent.action.MAIN" />
26-->src\main\AndroidManifest.xml:14:17-69
26-->src\main\AndroidManifest.xml:14:25-66
27
28                <category android:name="android.intent.category.LAUNCHER" />
28-->src\main\AndroidManifest.xml:16:17-77
28-->src\main\AndroidManifest.xml:16:27-74
29            </intent-filter>
30        </activity>
31
32        <service
32-->[com.google.android.datatransport:transport-runtime:3.1.9] AndroidManifest.xml:26:9-30:19
33            android:name="com.google.android.datatransport.runtime.scheduling.jobscheduling.JobInfoSchedulerService"
33-->[com.google.android.datatransport:transport-runtime:3.1.9] AndroidManifest.xml:27:13-117
34            android:exported="false"
34-->[com.google.android.datatransport:transport-runtime:3.1.9] AndroidManifest.xml:28:13-37
35            android:permission="android.permission.BIND_JOB_SERVICE" >
35-->[com.google.android.datatransport:transport-runtime:3.1.9] AndroidManifest.xml:29:13-69
36        </service>
37
38        <receiver
38-->[com.google.android.datatransport:transport-runtime:3.1.9] AndroidManifest.xml:32:9-34:40
39            android:name="com.google.android.datatransport.runtime.scheduling.jobscheduling.AlarmManagerSchedulerBroadcastReceiver"
39-->[com.google.android.datatransport:transport-runtime:3.1.9] AndroidManifest.xml:33:13-132
40            android:exported="false" />
40-->[com.google.android.datatransport:transport-runtime:3.1.9] AndroidManifest.xml:34:13-37
41
42        <service
42-->[com.google.android.datatransport:transport-runtime:3.1.9] AndroidManifest.xml:36:9-38:40
43            android:name="com.google.android.datatransport.runtime.backends.TransportBackendDiscovery"
43-->[com.google.android.datatransport:transport-runtime:3.1.9] AndroidManifest.xml:37:13-103
44            android:exported="false" />
44-->[com.google.android.datatransport:transport-runtime:3.1.9] AndroidManifest.xml:38:13-37
45
46        <provider
46-->[com.squareup.picasso:picasso:2.71828] AndroidManifest.xml:8:9-11:40
47            android:name="com.squareup.picasso.PicassoProvider"
47-->[com.squareup.picasso:picasso:2.71828] AndroidManifest.xml:9:13-64
48            android:authorities="com.demo.finalproject.com.squareup.picasso"
48-->[com.squareup.picasso:picasso:2.71828] AndroidManifest.xml:10:13-72
49            android:exported="false" />
49-->[com.squareup.picasso:picasso:2.71828] AndroidManifest.xml:11:13-37
50    </application>
51
52</manifest>